<?xml version="1.0" encoding="UTF-8"?>
<testng-results skipped="0" failed="0" ignored="0" total="1" passed="1">
  <reporter-output>
  </reporter-output>
  <suite name="internetBanking" duration-ms="27967" started-at="2020-12-28T12:20:19Z" finished-at="2020-12-28T12:20:47Z">
    <groups>
    </groups>
    <test name="BankingApp Test" duration-ms="27967" started-at="2020-12-28T12:20:19Z" finished-at="2020-12-28T12:20:47Z">
      <class name="com.visionIT.internetBanking.testCases.Login_Tc_001">
        <test-method status="PASS" signature="setup(java.lang.String)[pri:0, instance:com.visionIT.internetBanking.testCases.Login_Tc_001@6eebc39e]" name="setup" is-config="true" duration-ms="13890" started-at="2020-12-28T12:20:19Z" finished-at="2020-12-28T12:20:33Z">
          <params>
            <param index="0">
              <value>
                <![CDATA[chrome]]>
              </value>
            </param>
          </params>
          <reporter-output>
          </reporter-output>
        </test-method> <!-- setup -->
        <test-method status="PASS" signature="loginTest()[pri:0, instance:com.visionIT.internetBanking.testCases.Login_Tc_001@6eebc39e]" name="loginTest" duration-ms="13265" started-at="2020-12-28T12:20:33Z" finished-at="2020-12-28T12:20:46Z">
          <reporter-output>
          </reporter-output>
        </test-method> <!-- loginTest -->
        <test-method status="PASS" signature="tearDown()[pri:0, instance:com.visionIT.internetBanking.testCases.Login_Tc_001@6eebc39e]" name="tearDown" is-config="true" duration-ms="771" started-at="2020-12-28T12:20:46Z" finished-at="2020-12-28T12:20:47Z">
          <reporter-output>
          </reporter-output>
        </test-method> <!-- tearDown -->
      </class> <!-- com.visionIT.internetBanking.testCases.Login_Tc_001 -->
    </test> <!-- BankingApp Test -->
  </suite> <!-- internetBanking -->
</testng-results>
